2014-04-08 09:39:13.674 HelloCordova[86656:70b] Multi-tasking -> Device: YES, App: YES
2014-04-08 09:39:13.702 HelloCordova[86656:70b] Unlimited access to network resources
2014-04-08 09:39:13.951 HelloCordova[86656:70b] [CDVTimer][statusbar] 80.232978ms
2014-04-08 09:39:13.952 HelloCordova[86656:70b] [CDVTimer][TotalPluginStartup] 80.754042ms
2014-04-08 09:39:14.027 HelloCordova[86656:70b] Resetting plugins due to page load.
2014-04-08 09:39:14.415 HelloCordova[86656:70b] Finished load of: file:///Users/patricklocal/Library/Application%20Support/iPhone%20Simulator/7.1/Applications/324E39F8-B839-4F10-B4DD-C89FDA9E82F9/HelloCordova.app/www/index.html#/auth
2014-04-08 09:39:24.710 HelloCordova[86656:70b] {"summary":"You bought Jane Smith 3 coffees.","from_user_id":13,"to_user_id":12,"latitude":45,"longitude":-122,"accuracy":1000,"amount":3,"note":"Sucker","date":"2014-03-27T09:00:00-0700","created_by":13,"transaction_id":"09234laksdj"}
2014-04-08 09:39:24.710 HelloCordova[86656:70b] {"summary":"JoeBob bought you 3 coffees.","from_user_id":11,"to_user_id":13,"latitude":45,"longitude":-122,"accuracy":1000,"amount":3,"note":"Sucker","date":"2014-03-27T09:00:00-0700","created_by":13,"transaction_id":"0asdflhasdlkf9234laksdj"}
2014-04-08 10:34:13.118 CoffeeTime[97812:70b] Multi-tasking -> Device: YES, App: YES
2014-04-08 10:34:13.123 CoffeeTime[97812:70b] Unlimited access to network resources
2014-04-08 10:34:13.144 CoffeeTime[97812:70b] [CDVTimer][statusbar] 6.281018ms
2014-04-08 10:34:13.144 CoffeeTime[97812:70b] [CDVTimer][TotalPluginStartup] 6.645024ms
2014-04-08 10:34:13.219 CoffeeTime[97812:70b] Resetting plugins due to page load.
2014-04-08 10:34:13.357 CoffeeTime[97812:70b] Finished load of: file:///Users/patricklocal/Library/Application%20Support/iPhone%20Simulator/7.1/Applications/0E787AC6-5137-47C2-B4B2-7A8713C48B25/CoffeeTime.app/www/index.html#/auth
2014-04-08 10:35:19.789 CoffeeTime[98219:70b] Multi-tasking -> Device: YES, App: YES
2014-04-08 10:35:19.795 CoffeeTime[98219:70b] Unlimited access to network resources
2014-04-08 10:35:19.814 CoffeeTime[98219:70b] [CDVTimer][statusbar] 5.852997ms
2014-04-08 10:35:19.814 CoffeeTime[98219:70b] [CDVTimer][TotalPluginStartup] 6.224990ms
2014-04-08 10:35:19.840 CoffeeTime[98219:70b] Resetting plugins due to page load.
2014-04-08 10:35:19.962 CoffeeTime[98219:70b] Finished load of: file:///Users/patricklocal/Library/Application%20Support/iPhone%20Simulator/7.1/Applications/0E787AC6-5137-47C2-B4B2-7A8713C48B25/CoffeeTime.app/www/index.html#/auth
2014-04-14 14:52:57.924 CoffeeTime[5759:70b] Multi-tasking -> Device: YES, App: YES
2014-04-14 14:52:57.964 CoffeeTime[5759:70b] Unlimited access to network resources
2014-04-14 14:52:58.127 CoffeeTime[5759:70b] [CDVTimer][statusbar] 41.071951ms
2014-04-14 14:52:58.128 CoffeeTime[5759:70b] [CDVTimer][TotalPluginStartup] 41.608989ms
2014-04-14 14:52:58.133 CoffeeTime[5759:70b] active
2014-04-14 14:52:58.192 CoffeeTime[5759:70b] Resetting plugins due to page load.
2014-04-14 14:52:58.398 CoffeeTime[5759:70b] Finished load of: file:///Users/patricklocal/Library/Application%20Support/iPhone%20Simulator/7.1/Applications/0E787AC6-5137-47C2-B4B2-7A8713C48B25/CoffeeTime.app/www/index.html#/auth
2014-04-14 14:53:00.026 CoffeeTime[5759:70b] THREAD WARNING: ['InAppBrowser'] took '161.445312' ms. Plugin should use a background thread.
2014-04-14 14:53:30.487 CoffeeTime[5759:70b] active
